[0m22:20:24.441113 [debug] [MainThread]: Sending event: {'category': 'dbt', 'action': 'invocation', 'label': 'start', 'context': [<snowplow_tracker.self_describing_json.SelfDescribingJson object at 0x000001E358B81040>, <snowplow_tracker.self_describing_json.SelfDescribingJson object at 0x000001E35B4CFBE0>, <snowplow_tracker.self_describing_json.SelfDescribingJson object at 0x000001E35B4CFC10>]}


============================== 22:20:24.445148 | 3e1078bb-1afc-4240-ab3e-5f24fed201b8 ==============================
[0m22:20:24.445148 [info ] [MainThread]: Running with dbt=1.7.1
[0m22:20:24.446111 [debug] [MainThread]: running dbt with arguments {'printer_width': '80', 'indirect_selection': 'eager', 'log_cache_events': 'False', 'write_json': 'True', 'partial_parse': 'True', 'cache_selected_only': 'False', 'warn_error': 'None', 'debug': 'False', 'profiles_dir': 'C:\\Users\\bog74\\.dbt', 'log_path': 'logs', 'fail_fast': 'False', 'version_check': 'True', 'use_colors': 'True', 'use_experimental_parser': 'False', 'no_print': 'None', 'quiet': 'False', 'log_format': 'default', 'introspect': 'True', 'warn_error_options': 'WarnErrorOptions(include=[], exclude=[])', 'invocation_command': 'dbt init', 'target_path': 'None', 'static_parser': 'True', 'send_anonymous_usage_stats': 'True'}
[0m22:20:24.447147 [warn ] [MainThread]: [ConfigFolderDirectory]: Unable to parse dict {'dir': WindowsPath('C:/Users/bog74/.dbt')}
[0m22:20:24.448147 [info ] [MainThread]: Creating dbt configuration folder at 
[0m22:20:57.089888 [debug] [MainThread]: Starter project path: c:\users\bog74\appdata\local\programs\python\python38\lib\site-packages\dbt\include\starter_project
[0m22:20:57.157924 [info ] [MainThread]: 
Your new dbt project "weather_analysis" was created!

For more information on how to configure the profiles.yml file,
please consult the dbt documentation here:

  https://docs.getdbt.com/docs/configure-your-profile

One more thing:

Need help? Don't hesitate to reach out to us via GitHub issues or on Slack:

  https://community.getdbt.com/

Happy modeling!

[0m22:20:57.159890 [info ] [MainThread]: Setting up your profile.
[0m22:25:49.435829 [info ] [MainThread]: Profile weather_analysis written to C:\Users\bog74\.dbt\profiles.yml using target's profile_template.yml and your supplied values. Run 'dbt debug' to validate the connection.
[0m22:25:49.437811 [debug] [MainThread]: Command `dbt init` succeeded at 22:25:49.437811 after 325.00 seconds
[0m22:25:49.437811 [debug] [MainThread]: Sending event: {'category': 'dbt', 'action': 'invocation', 'label': 'end', 'context': [<snowplow_tracker.self_describing_json.SelfDescribingJson object at 0x000001E358B81040>, <snowplow_tracker.self_describing_json.SelfDescribingJson object at 0x000001E354849820>, <snowplow_tracker.self_describing_json.SelfDescribingJson object at 0x000001E35B4CFD90>]}
[0m22:25:49.438810 [debug] [MainThread]: Flushing usage events
